<?xml version="1.0" encoding="UTF-8"?>
<!-- Generated by org.testng.reporters.JUnitReportReporter -->
<testsuite hostname="manjunath-PC" failures="0" tests="4" name="testPackage.TestNG1" time="0.042" errors="0" timestamp="2023-03-09T13:53:43 IST" skipped="0">
  <testcase classname="testPackage.TestNG1" name="test2" time="0.004"/>
  <system-out/>
  <testcase classname="testPackage.TestNG1" name="test1" time="0.012"/>
  <system-out/>
  <testcase classname="testPackage.TestNG1" name="test1" time="0.019"/>
  <system-out/>
  <testcase classname="testPackage.TestNG1" name="test2" time="0.007"/>
  <system-out/>
</testsuite> <!-- testPackage.TestNG1 -->
