<?xml version="1.0" encoding="UTF-8"?>
<!-- Generated by org.testng.reporters.JUnitReportReporter -->
<testsuite hostname="manjunath-PC" failures="0" tests="4" name="testPackage.TestNG2" time="0.078" errors="0" timestamp="2023-03-09T13:53:43 IST" skipped="0">
  <testcase classname="testPackage.TestNG2" name="test2" time="0.010"/>
  <system-out/>
  <testcase classname="testPackage.TestNG2" name="test1" time="0.011"/>
  <system-out/>
  <testcase classname="testPackage.TestNG2" name="test1" time="0.003"/>
  <system-out/>
  <testcase classname="testPackage.TestNG2" name="test2" time="0.054"/>
  <system-out/>
</testsuite> <!-- testPackage.TestNG2 -->
